Info: Starting: Create block symbol file (.bsf)
Info: ip-generate --project-directory=C:/Users/Arian/Desktop/random_number_generator/ --output-directory=C:/Users/Arian/Desktop/random_number_generator/qsys/ --report-file=bsf:C:/Users/Arian/Desktop/random_number_generator/qsys.bsf --system-info=DEVICE_FAMILY="Cyclone II" --system-info=DEVICE=EP2C35F672C6 --system-info=DEVICE_SPEEDGRADE=6 --component-file=C:/Users/Arian/Desktop/random_number_generator/qsys.qsys
Progress: Loading random_number_generator/qsys.qsys
Progress: Reading input file
Progress: Adding clk_0 [clock_source 13.0]
Progress: Parameterizing module clk_0
Progress: Adding nios2_qsys_0 [altera_nios2_qsys 13.0]
Progress: Parameterizing module nios2_qsys_0
Progress: Adding onchip_memory2_0 [altera_avalon_onchip_memory2 13.0.1.99.2]
Progress: Parameterizing module onchip_memory2_0
Progress: Adding jtag_uart_0 [altera_avalon_jtag_uart 13.0.1.99.2]
Progress: Parameterizing module jtag_uart_0
Progress: Adding sysid_qsys_0 [altera_avalon_sysid_qsys 13.0]
Progress: Parameterizing module sysid_qsys_0
Progress: Adding generator_0 [generator 1.0]
Progress: Parameterizing module generator_0
Progress: Building connections
Progress: Parameterizing connections
Progress: Validating
Progress: Done reading input file
Info: qsys.sysid_qsys_0: System ID is not assigned automatically. Edit the System ID parameter to provide a unique ID
Info: qsys.sysid_qsys_0: Time stamp will be automatically updated when this component is generated.
Info: ip-generate succeeded.
Info: Finished: Create block symbol file (.bsf)
Info: 
Info: Starting: Create HDL design files for synthesis
Info: ip-generate --project-directory=C:/Users/Arian/Desktop/random_number_generator/ --output-directory=C:/Users/Arian/Desktop/random_number_generator/qsys/synthesis/ --file-set=QUARTUS_SYNTH --report-file=sopcinfo:C:/Users/Arian/Desktop/random_number_generator/qsys.sopcinfo --report-file=html:C:/Users/Arian/Desktop/random_number_generator/qsys.html --report-file=qip:C:/Users/Arian/Desktop/random_number_generator/qsys/synthesis/qsys.qip --report-file=cmp:C:/Users/Arian/Desktop/random_number_generator/qsys.cmp --report-file=svd --system-info=DEVICE_FAMILY="Cyclone II" --system-info=DEVICE=EP2C35F672C6 --system-info=DEVICE_SPEEDGRADE=6 --component-file=C:/Users/Arian/Desktop/random_number_generator/qsys.qsys --language=VHDL
Progress: Loading random_number_generator/qsys.qsys
Progress: Reading input file
Progress: Adding clk_0 [clock_source 13.0]
Progress: Parameterizing module clk_0
Progress: Adding nios2_qsys_0 [altera_nios2_qsys 13.0]
Progress: Parameterizing module nios2_qsys_0
Progress: Adding onchip_memory2_0 [altera_avalon_onchip_memory2 13.0.1.99.2]
Progress: Parameterizing module onchip_memory2_0
Progress: Adding jtag_uart_0 [altera_avalon_jtag_uart 13.0.1.99.2]
Progress: Parameterizing module jtag_uart_0
Progress: Adding sysid_qsys_0 [altera_avalon_sysid_qsys 13.0]
Progress: Parameterizing module sysid_qsys_0
Progress: Adding generator_0 [generator 1.0]
Progress: Parameterizing module generator_0
Progress: Building connections
Progress: Parameterizing connections
Progress: Validating
Progress: Done reading input file
Info: qsys.sysid_qsys_0: System ID is not assigned automatically. Edit the System ID parameter to provide a unique ID
Info: qsys.sysid_qsys_0: Time stamp will be automatically updated when this component is generated.
Info: qsys: Generating qsys "qsys" for QUARTUS_SYNTH
Info: pipeline_bridge_swap_transform: After transform: 6 modules, 19 connections
Info: No custom instruction connections, skipping transform 
Info: merlin_translator_transform: After transform: 13 modules, 43 connections
Info: merlin_domain_transform: After transform: 26 modules, 117 connections
Info: merlin_router_transform: After transform: 33 modules, 141 connections
Info: reset_adaptation_transform: After transform: 35 modules, 132 connections
Info: merlin_network_to_switch_transform: After transform: 48 modules, 160 connections
Info: merlin_mm_transform: After transform: 48 modules, 160 connections
Info: merlin_interrupt_mapper_transform: After transform: 49 modules, 163 connections
Warning: qsys: "No matching role found for rst_controller_001:reset_out:reset_req (reset_req)"
Warning: qsys: "No matching role found for rst_controller_001:reset_out:reset_req (reset_req)"
Warning: qsys: "No matching role found for rst_controller_001:reset_out:reset_req (reset_req)"
Warning: qsys: "No matching role found for rst_controller_001:reset_out:reset_req (reset_req)"
Warning: qsys: "No matching role found for rst_controller_001:reset_out:reset_req (reset_req)"
Warning: qsys: "No matching role found for rst_controller_001:reset_out:reset_req (reset_req)"
Warning: qsys: "No matching role found for rst_controller_001:reset_out:reset_req (reset_req)"
Warning: qsys: "No matching role found for rst_controller_001:reset_out:reset_req (reset_req)"
Warning: qsys: "No matching role found for rst_controller_001:reset_out:reset_req (reset_req)"
Warning: qsys: "No matching role found for rst_controller_001:reset_out:reset_req (reset_req)"
Warning: qsys: "No matching role found for rst_controller_001:reset_out:reset_req (reset_req)"
Warning: qsys: "No matching role found for rst_controller_001:reset_out:reset_req (reset_req)"
Warning: qsys: "No matching role found for rst_controller_001:reset_out:reset_req (reset_req)"
Warning: qsys: "No matching role found for rst_controller_001:reset_out:reset_req (reset_req)"
Warning: qsys: "No matching role found for rst_controller_001:reset_out:reset_req (reset_req)"
Warning: qsys: "No matching role found for rst_controller_001:reset_out:reset_req (reset_req)"
Warning: qsys: "No matching role found for rst_controller_001:reset_out:reset_req (reset_req)"
Warning: qsys: "No matching role found for rst_controller_001:reset_out:reset_req (reset_req)"
Warning: qsys: "No matching role found for rst_controller_001:reset_out:reset_req (reset_req)"
Warning: qsys: "No matching role found for rst_controller_001:reset_out:reset_req (reset_req)"
Warning: qsys: "No matching role found for rst_controller_001:reset_out:reset_req (reset_req)"
Warning: qsys: "No matching role found for rst_controller_001:reset_out:reset_req (reset_req)"
Warning: qsys: "No matching role found for rst_controller_001:reset_out:reset_req (reset_req)"
Warning: qsys: "No matching role found for rst_controller_001:reset_out:reset_req (reset_req)"
Warning: qsys: "No matching role found for rst_controller_001:reset_out:reset_req (reset_req)"
Warning: qsys: "No matching role found for rst_controller_001:reset_out:reset_req (reset_req)"
Warning: qsys: "No matching role found for rst_controller_001:reset_out:reset_req (reset_req)"
Info: nios2_qsys_0: Starting RTL generation for module 'qsys_nios2_qsys_0'
Info: nios2_qsys_0:   Generation command is [exec C:/altera/13.0sp1/quartus/../ip/altera/nios2_ip/altera_nios2/eperl.exe -I C:/altera/13.0sp1/quartus/common/ip/altera/common/perl/5.8.3 -I C:/altera/13.0sp1/quartus/sopc_builder/bin/europa -I C:/altera/13.0sp1/quartus/sopc_builder/bin/perl_lib -I C:/altera/13.0sp1/quartus/sopc_builder/bin -I C:/altera/13.0sp1/quartus/../ip/altera/nios2_ip/altera_nios2/cpu_lib -I C:/altera/13.0sp1/quartus/../ip/altera/nios2_ip/altera_nios2/nios_lib -I C:/altera/13.0sp1/quartus/../ip/altera/nios2_ip/altera_nios2 -I C:/altera/13.0sp1/quartus/../ip/altera/nios2_ip/altera_nios2 -- C:/altera/13.0sp1/quartus/../ip/altera/nios2_ip/altera_nios2/generate_rtl.epl --name=qsys_nios2_qsys_0 --dir=C:/Users/Arian/AppData/Local/Temp/alt8617_8183305664850162589.dir/0001_nios2_qsys_0_gen/ --quartus_dir=C:/altera/13.0sp1/quartus --verilog --config=C:/Users/Arian/AppData/Local/Temp/alt8617_8183305664850162589.dir/0001_nios2_qsys_0_gen//qsys_nios2_qsys_0_processor_configuration.pl  --do_build_sim=0    --bogus  ]
Info: nios2_qsys_0: # 2020.12.21 18:51:12 (*) Starting Nios II generation
Info: nios2_qsys_0: # 2020.12.21 18:51:12 (*)   Checking for plaintext license.
Info: nios2_qsys_0: # 2020.12.21 18:51:12 (*)   Couldn't query license setup in Quartus directory C:/altera/13.0sp1/quartus
Info: nios2_qsys_0: # 2020.12.21 18:51:12 (*)   Defaulting to contents of LM_LICENSE_FILE environment variable
Info: nios2_qsys_0: # 2020.12.21 18:51:12 (*)   LM_LICENSE_FILE environment variable is empty
Info: nios2_qsys_0: # 2020.12.21 18:51:12 (*)   Plaintext license not found.
Info: nios2_qsys_0: # 2020.12.21 18:51:12 (*)   No license required to generate encrypted Nios II/e.
Info: nios2_qsys_0: # 2020.12.21 18:51:12 (*)   Elaborating CPU configuration settings
Info: nios2_qsys_0: # 2020.12.21 18:51:12 (*)   Creating all objects for CPU
Info: nios2_qsys_0: # 2020.12.21 18:51:14 (*)   Generating RTL from CPU objects
Info: nios2_qsys_0: # 2020.12.21 18:51:14 (*)   Creating plain-text RTL
Info: nios2_qsys_0: # 2020.12.21 18:51:16 (*) Done Nios II generation
Info: nios2_qsys_0: Done RTL generation for module 'qsys_nios2_qsys_0'
Info: nios2_qsys_0: "qsys" instantiated altera_nios2_qsys "nios2_qsys_0"
Info: onchip_memory2_0: Starting RTL generation for module 'qsys_onchip_memory2_0'
Info: onchip_memory2_0:   Generation command is [exec C:/altera/13.0sp1/quartus/bin/perl/bin/perl.exe -I C:/altera/13.0sp1/quartus/common/ip/altera/common/perl/5.8.3 -I C:/altera/13.0sp1/quartus/sopc_builder/bin/europa -I C:/altera/13.0sp1/quartus/sopc_builder/bin/perl_lib -I C:/altera/13.0sp1/quartus/sopc_builder/bin -I C:/altera/13.0sp1/quartus/../ip/altera/sopc_builder_ip/common -I C:/altera/13.0sp1/quartus/../ip/altera/sopc_builder_ip/altera_avalon_onchip_memory2 -- C:/altera/13.0sp1/quartus/../ip/altera/sopc_builder_ip/altera_avalon_onchip_memory2/generate_rtl.pl --name=qsys_onchip_memory2_0 --dir=C:/Users/Arian/AppData/Local/Temp/alt8617_8183305664850162589.dir/0002_onchip_memory2_0_gen/ --quartus_dir=C:/altera/13.0sp1/quartus --verilog --config=C:/Users/Arian/AppData/Local/Temp/alt8617_8183305664850162589.dir/0002_onchip_memory2_0_gen//qsys_onchip_memory2_0_component_configuration.pl  --do_build_sim=0  ]
Info: onchip_memory2_0: Done RTL generation for module 'qsys_onchip_memory2_0'
Info: onchip_memory2_0: "qsys" instantiated altera_avalon_onchip_memory2 "onchip_memory2_0"
Info: jtag_uart_0: Starting RTL generation for module 'qsys_jtag_uart_0'
Info: jtag_uart_0:   Generation command is [exec C:/altera/13.0sp1/quartus/bin/perl/bin/perl.exe -I C:/altera/13.0sp1/quartus/common/ip/altera/common/perl/5.8.3 -I C:/altera/13.0sp1/quartus/sopc_builder/bin/europa -I C:/altera/13.0sp1/quartus/sopc_builder/bin/perl_lib -I C:/altera/13.0sp1/quartus/sopc_builder/bin -I C:/altera/13.0sp1/quartus/../ip/altera/sopc_builder_ip/common -I C:/altera/13.0sp1/quartus/../ip/altera/sopc_builder_ip/altera_avalon_jtag_uart -- C:/altera/13.0sp1/quartus/../ip/altera/sopc_builder_ip/altera_avalon_jtag_uart/generate_rtl.pl --name=qsys_jtag_uart_0 --dir=C:/Users/Arian/AppData/Local/Temp/alt8617_8183305664850162589.dir/0003_jtag_uart_0_gen/ --quartus_dir=C:/altera/13.0sp1/quartus --verilog --config=C:/Users/Arian/AppData/Local/Temp/alt8617_8183305664850162589.dir/0003_jtag_uart_0_gen//qsys_jtag_uart_0_component_configuration.pl  --do_build_sim=0  ]
Info: jtag_uart_0: Done RTL generation for module 'qsys_jtag_uart_0'
Info: jtag_uart_0: "qsys" instantiated altera_avalon_jtag_uart "jtag_uart_0"
Info: sysid_qsys_0: "qsys" instantiated altera_avalon_sysid_qsys "sysid_qsys_0"
Info: generator_0: "qsys" instantiated generator "generator_0"
Info: nios2_qsys_0_instruction_master_translator: "qsys" instantiated altera_merlin_master_translator "nios2_qsys_0_instruction_master_translator"
Info: nios2_qsys_0_jtag_debug_module_translator: "qsys" instantiated altera_merlin_slave_translator "nios2_qsys_0_jtag_debug_module_translator"
Info: nios2_qsys_0_instruction_master_translator_avalon_universal_master_0_agent: "qsys" instantiated altera_merlin_master_agent "nios2_qsys_0_instruction_master_translator_avalon_universal_master_0_agent"
Info: nios2_qsys_0_jtag_debug_module_translator_avalon_universal_slave_0_agent: "qsys" instantiated altera_merlin_slave_agent "nios2_qsys_0_jtag_debug_module_translator_avalon_universal_slave_0_agent"
Info: nios2_qsys_0_jtag_debug_module_translator_avalon_universal_slave_0_agent_rsp_fifo: "qsys" instantiated altera_avalon_sc_fifo "nios2_qsys_0_jtag_debug_module_translator_avalon_universal_slave_0_agent_rsp_fifo"
Info: addr_router: "qsys" instantiated altera_merlin_router "addr_router"
Info: addr_router_001: "qsys" instantiated altera_merlin_router "addr_router_001"
Info: id_router: "qsys" instantiated altera_merlin_router "id_router"
Info: id_router_002: "qsys" instantiated altera_merlin_router "id_router_002"
Info: rst_controller: "qsys" instantiated altera_reset_controller "rst_controller"
Info: cmd_xbar_demux: "qsys" instantiated altera_merlin_demultiplexer "cmd_xbar_demux"
Info: cmd_xbar_demux_001: "qsys" instantiated altera_merlin_demultiplexer "cmd_xbar_demux_001"
Info: cmd_xbar_mux: "qsys" instantiated altera_merlin_multiplexer "cmd_xbar_mux"
Info: rsp_xbar_demux_002: "qsys" instantiated altera_merlin_demultiplexer "rsp_xbar_demux_002"
Info: rsp_xbar_mux: "qsys" instantiated altera_merlin_multiplexer "rsp_xbar_mux"
Info: Reusing file C:/Users/Arian/Desktop/random_number_generator/qsys/synthesis/submodules/altera_merlin_arbitrator.sv
Info: rsp_xbar_mux_001: "qsys" instantiated altera_merlin_multiplexer "rsp_xbar_mux_001"
Info: Reusing file C:/Users/Arian/Desktop/random_number_generator/qsys/synthesis/submodules/altera_merlin_arbitrator.sv
Info: irq_mapper: "qsys" instantiated altera_irq_mapper "irq_mapper"
Info: qsys: Done qsys" with 23 modules, 95 files, 1605482 bytes
Info: ip-generate succeeded.
Info: Finished: Create HDL design files for synthesis
